Start testing: Sep 13 11:48 UTC
----------------------------------------------------------
Unable to find executable: test_version
1/1 Testing: helloworld
1/1 Test: helloworld
Command: ""
Directory: /home/dev/cpp/arch-pat/tmp
"helloworld" start time: 
Output:
----------------------------------------------------------
<end of output>
Test time =   0.00 sec
----------------------------------------------------------
Test Passed.
"helloworld" end time: Sep 13 11:48 UTC
"helloworld" time elapsed: 00:00:00
----------------------------------------------------------

End testing: Sep 13 11:48 UTC
